make all --print-data-base --no-builtin-variables --no-builtin-rules --question
# GNU Make 4.3
# Built for x86_64-pc-linux-gnu
# Copyright (C) 1988-2020 Free Software Foundation, Inc.
# License GPLv3+: GNU GPL version 3 or later <http://gnu.org/licenses/gpl.html>
# This is free software: you are free to change and redistribute it.
# There is NO WARRANTY, to the extent permitted by law.

# Make data base, printed on Tue Oct 11 21:10:36 2022

# Variables

# environment
GDK_BACKEND = x11
# environment
LC_ALL = C
# environment
NO_AT_BRIDGE = 1
# environment
GTK_RC_FILES = /etc/gtk/gtkrc:/home/aric/.gtkrc:/home/aric/.config/gtkrc
# environment
CSF_EXCEPTION_PROMPT = 1
# environment
CSF_XmlOcafResource = /usr/share/opencascade/resources/XmlOcafResource
# environment
LC_NAME = en_US.UTF-8
# environment
LC_NUMERIC = en_US.UTF-8
# environment
VSCODE_CWD = /home/aric
# environment
MMGT_CLEAR = 1
# environment
CSF_XCAFDefaults = /usr/share/opencascade/resources/StdResource
# environment
CSF_PluginDefaults = /usr/share/opencascade/resources/StdResource
# environment
CASROOT = /usr
# environment
LC_ADDRESS = en_US.UTF-8
# default
MAKE_COMMAND := make
# automatic
@D = $(patsubst %/,%,$(dir $@))
# environment
VSCODE_HANDLES_UNCAUGHT_ERRORS = true
# default
.VARIABLES := 
# environment
PWD = /home/aric/Documents/cpp-example-project
# automatic
%D = $(patsubst %/,%,$(dir $%))
# environment
MAIL = /var/spool/mail/aric
# environment
XDG_DATA_DIRS = /home/aric/.local/share/flatpak/exports/share:/var/lib/flatpak/exports/share:/usr/local/share:/usr/share:/var/lib/snapd/desktop
# automatic
^D = $(patsubst %/,%,$(dir $^))
# automatic
%F = $(notdir $%)
# environment
VSCODE_CODE_CACHE_PATH = /home/aric/.config/Code/CachedData/e4503b30fc78200f846c62cf8091b76ff5547662
# environment
XDG_SESSION_PATH = /org/freedesktop/DisplayManager/Session3
# environment
CSF_ShadersDirectory = /usr/share/opencascade/resources/Shaders
# environment
LANG = C
# environment
XAUTHORITY = /home/aric/.Xauthority
# default
.LOADED := 
# default
.INCLUDE_DIRS = /usr/include /usr/local/include /usr/include
# makefile
MAKEFLAGS = pqrR
# makefile
CURDIR := /home/aric/Documents/cpp-example-project
# environment
APPLICATION_INSIGHTS_NO_DIAGNOSTIC_CHANNEL = 1
# automatic
*D = $(patsubst %/,%,$(dir $*))
# environment
PAM_KWALLET5_LOGIN = /run/user/1000/kwallet5.socket
# environment
MFLAGS = -pqrR
# default
.SHELLFLAGS := -c
# environment
CSF_MDTVTexturesDirectory = /usr/share/opencascade/resources/Textures
# environment
XDG_CONFIG_DIRS = /home/aric/.config/kdedefaults:/etc/xdg
# automatic
+D = $(patsubst %/,%,$(dir $+))
# environment
XCURSOR_THEME = breeze_cursors
# environment
XDG_SESSION_DESKTOP = KDE
# makefile (from 'makefile', line 1)
MAKEFILE_LIST := makefile
# automatic
@F = $(notdir $@)
# environment
VSCODE_PID = 116499
# environment
XDG_SESSION_TYPE = x11
# automatic
?D = $(patsubst %/,%,$(dir $?))
# environment
CSF_XSMessage = /usr/share/opencascade/resources/XSMessage
# environment
DRAWDEFAULT = /usr/share/opencascade/resources/DrawResources/DrawDefault
# environment
SESSION_MANAGER = local/aric-ms7b87:@/tmp/.ICE-unix/814,unix/aric-ms7b87:/tmp/.ICE-unix/814
# automatic
*F = $(notdir $*)
# environment
EM_CONFIG = /usr/lib/emsdk/.emscripten
# environment
QT_QPA_PLATFORMTHEME = qt5ct
# environment
CHROME_DESKTOP = code-url-handler.desktop
# environment
CSF_SHMessage = /usr/share/opencascade/resources/SHMessage
# environment
DBUS_SESSION_BUS_ADDRESS = unix:path=/run/user/1000/bus
# automatic
<D = $(patsubst %/,%,$(dir $<))
# environment
VSCODE_NLS_CONFIG = {"locale":"en-us","availableLanguages":{},"_languagePackSupport":true}
# default
MAKE_HOST := x86_64-pc-linux-gnu
# makefile
SHELL = /bin/sh
# default
MAKECMDGOALS := all
# environment
SHLVL = 1
# environment
CSF_TObjDefaults = /usr/share/opencascade/resources/StdResource
# environment
MAKELEVEL := 0
# default
MAKE = $(MAKE_COMMAND)
# environment
PATH = /usr/lib/emsdk:/usr/lib/emsdk/upstream/emscripten:/usr/lib/emsdk/node/14.18.2_64bit/bin:/usr/local/sbin:/usr/local/bin:/usr/bin:/var/lib/flatpak/exports/bin:/usr/lib/jvm/default/bin:/usr/bin/site_perl:/usr/bin/vendor_perl:/usr/bin/core_perl:/var/lib/snapd/snap/bin
# environment
EMSDK_NODE = /usr/lib/emsdk/node/14.18.2_64bit/bin/node
# default
MAKEFILES := 
# environment
LC_MONETARY = en_US.UTF-8
# environment
CSF_OCCTResourcePath = /usr/share/opencascade/resources
# environment
MOTD_SHOWN = pam
# automatic
^F = $(notdir $^)
# environment
LC_TIME = en_US.UTF-8
# environment
INVOCATION_ID = 1d1b74b720864adcb62d6e1b1ea00d53
# environment
CSF_StandardLiteDefaults = /usr/share/opencascade/resources/StdResource
# environment
CSF_STEPDefaults = /usr/share/opencascade/resources/XSTEPResource
# environment
LC_TELEPHONE = en_US.UTF-8
# automatic
?F = $(notdir $?)
# environment
KDE_APPLICATIONS_AS_SCOPE = 1
# environment
XDG_SEAT = seat0
# environment
XDG_CURRENT_DESKTOP = KDE
# environment
CSF_MIGRATION_TYPES = /usr/share/opencascade/resources/StdResource/MigrationSheet.txt
# automatic
+F = $(notdir $+)
# environment
XDG_SEAT_PATH = /org/freedesktop/DisplayManager/Seat0
# environment
DESKTOP_SESSION = plasma
# environment
ORIGINAL_XDG_CURRENT_DESKTOP = KDE
# environment
JULIA_LOAD_PATH = /usr/share/gmsh/api/julia:
# environment
BROWSER = firefox
# 'override' directive
GNUMAKEFLAGS := 
# environment
LOGNAME = aric
# environment
CSF_LANGUAGE = us
# environment
EMSDK = /usr/lib/emsdk
# environment
XDG_VTNR = 1
# makefile
.DEFAULT_GOAL := all
# environment
SYSTEMD_EXEC_PID = 866
# makefile (from 'makefile', line 2)
RM := rm
# environment
CSF_TObjMessage = /usr/share/opencascade/resources/TObj
# environment
EDITOR = nano
# environment
DISPLAY = :0
# environment
GTK_MODULES = canberra-gtk-module
# environment
USER = aric
# default
MAKE_VERSION := 4.3
# environment
KDE_SESSION_UID = 1000
# environment
MANAGERPID = 666
# environment
LC_MEASUREMENT = en_US.UTF-8
# environment
DEBUGINFOD_URLS = https://debuginfod.archlinux.org
# environment
PYTHONPATH = /usr/share/gmsh/api/python:
# environment
_ = /usr/bin/make
# environment
LC_PAPER = en_US.UTF-8
# environment
XDG_RUNTIME_DIR = /run/user/1000
# environment
CSF_DrawPluginDefaults = /usr/share/opencascade/resources/DrawResources
# environment
CSF_IGESDefaults = /usr/share/opencascade/resources/XSTEPResource
# environment
JOURNAL_STREAM = 8:23960
# environment
XDG_SESSION_CLASS = user
# environment
VSCODE_AMD_ENTRYPOINT = vs/workbench/api/node/extensionHostProcess
# environment
GTK2_RC_FILES = /etc/gtk-2.0/gtkrc:/home/aric/.gtkrc-2.0:/home/aric/.config/gtkrc-2.0
# environment
HOME = /home/aric
# environment
ELECTRON_RUN_AS_NODE = 1
# environment
DRAWHOME = /usr/share/opencascade/resources/DrawResources
# environment
VSCODE_IPC_HOOK = /run/user/1000/vscode-91208303-1.70.2-main.sock
# environment
XDG_SESSION_ID = 2
# environment
XCURSOR_SIZE = 24
# default
.RECIPEPREFIX := 
# automatic
<F = $(notdir $<)
# default
SUFFIXES := 
# environment
QT_AUTO_SCREEN_SCALE_FACTOR = 0
# environment
VSCODE_CLI = 1
# environment
ELECTRON_NO_ATTACH_CONSOLE = 1
# makefile (from 'makefile', line 3)
CXXFLAGS = -Wall -O3
# environment
CSF_StandardDefaults = /usr/share/opencascade/resources/StdResource
# environment
KDE_SESSION_VERSION = 5
# default
.FEATURES := target-specific order-only second-expansion else-if shortest-stem undefine oneshell nocomment grouped-target extra-prereqs archives jobserver output-sync check-symlink guile load
# makefile (from 'makefile', line 1)
 
CC := clang++
# environment
KDE_FULL_SESSION = true
# environment
LC_IDENTIFICATION = en_US.UTF-8
# variable set hash-table stats:
# Load=136/1024=13%, Rehash=0, Collisions=20/179=11%

# Pattern-specific Variable Values

# No pattern-specific variable values.

# Directories

# . (device 37, inode 2967735): 10 files, no impossibilities.

# 10 files, no impossibilities in 1 directories.

# Implicit Rules

# No implicit rules.

# Files

compile:
#  Implicit rule search has not been done.
#  Modification time never checked.
#  File has not been updated.
#  recipe to execute (from 'makefile', line 17):
	cd src;\
	$(CC) $(CXXFLAGS) -c server.cpp -o ../server.o;\
	$(CC) $(CXXFLAGS) -c client.cpp -o ../client.o;\


# Not a target:
.DEFAULT:
#  Implicit rule search has not been done.
#  Modification time never checked.
#  File has not been updated.

all: libs compile link
#  Command line target.
#  Implicit rule search has been done.
#  File does not exist.
#  File has been updated.
#  Needs to be updated (-q is set).
# variable set hash-table stats:
# Load=0/32=0%, Rehash=0, Collisions=0/13=0%

link:
#  Implicit rule search has not been done.
#  Modification time never checked.
#  File has not been updated.
#  recipe to execute (from 'makefile', line 22):
	mkdir -p bin
	$(CC) $(CXXFLAGS) -o ./bin/server server.o -rpath /home/aric/Documents/cpp-example-project/lib -L./lib -lserverclass
	$(CC) $(CXXFLAGS) -o ./bin/client client.o -rpath /home/aric/Documents/cpp-example-project/lib -L./lib -lclientclass
	$(RM) server.o;\
	$(RM) client.o;\


libs:
#  Implicit rule search has not been done.
#  Implicit/static pattern stem: ''
#  File does not exist.
#  File has been updated.
#  Needs to be updated (-q is set).
# automatic
# @ := libs
# automatic
# * := 
# automatic
# < := 
# automatic
# + := 
# automatic
# % := 
# automatic
# ^ := 
# automatic
# ? := 
# automatic
# | := 
# variable set hash-table stats:
# Load=8/32=25%, Rehash=0, Collisions=5/21=24%
#  recipe to execute (from 'makefile', line 8):
	cd lib;\
	$(CC) $(CXXFLAGS) -c -fPIC ./src/serverclass.cpp;\
	$(CC) $(CXXFLAGS) -shared serverclass.o -o libserverclass.so;\
	$(CC) $(CXXFLAGS) -c -fPIC ./src/clientclass.cpp;\
	$(CC) $(CXXFLAGS) -shared clientclass.o -o libclientclass.so;\
	$(RM) serverclass.o;\
	$(RM) clientclass.o;\


# Not a target:
makefile:
#  Implicit rule search has been done.
#  Last modified 2022-08-13 20:26:14.458274823
#  File has been updated.
#  Successfully updated.

# Not a target:
.SUFFIXES:
#  Implicit rule search has not been done.
#  Modification time never checked.
#  File has not been updated.

# files hash-table stats:
# Load=7/1024=1%, Rehash=0, Collisions=0/25=0%
# VPATH Search Paths

# No 'vpath' search paths.

# No general ('VPATH' variable) search path.

# strcache buffers: 1 (0) / strings = 18 / storage = 137 B / avg = 7 B
# current buf: size = 8162 B / used = 137 B / count = 18 / avg = 7 B

# strcache performance: lookups = 31 / hit rate = 41%
# hash-table stats:
# Load=18/8192=0%, Rehash=0, Collisions=0/31=0%
# Finished Make data base on Tue Oct 11 21:10:36 2022

 
